{"E:\\Jscript\\NExtJS\\blogviewer\\src\\components\\PostDetail.js": {"path":"E:\\Jscript\\NExtJS\\blogviewer\\src\\components\\PostDetail.js","all":false,"statementMap":{"0":{"start":{"line":1,"column":0},"end":{"line":1,"column":26}},"1":{"start":{"line":2,"column":0},"end":{"line":2,"column":0}},"2":{"start":{"line":3,"column":0},"end":{"line":3,"column":42}},"3":{"start":{"line":4,"column":0},"end":{"line":4,"column":14}},"4":{"start":{"line":5,"column":0},"end":{"line":5,"column":16}},"5":{"start":{"line":6,"column":0},"end":{"line":6,"column":3}},"6":{"start":{"line":7,"column":0},"end":{"line":7,"column":0}},"7":{"start":{"line":8,"column":0},"end":{"line":8,"column":10}},"8":{"start":{"line":9,"column":0},"end":{"line":9,"column":34}},"9":{"start":{"line":10,"column":0},"end":{"line":10,"column":13}},"10":{"start":{"line":11,"column":0},"end":{"line":11,"column":24}},"11":{"start":{"line":12,"column":0},"end":{"line":12,"column":78}},"12":{"start":{"line":13,"column":0},"end":{"line":13,"column":38}},"13":{"start":{"line":14,"column":0},"end":{"line":14,"column":7}},"14":{"start":{"line":15,"column":0},"end":{"line":15,"column":13}},"15":{"start":{"line":16,"column":0},"end":{"line":16,"column":15}},"16":{"start":{"line":17,"column":0},"end":{"line":17,"column":63}},"17":{"start":{"line":18,"column":0},"end":{"line":18,"column":53}},"18":{"start":{"line":19,"column":0},"end":{"line":19,"column":10}},"19":{"start":{"line":20,"column":0},"end":{"line":20,"column":4}},"20":{"start":{"line":21,"column":0},"end":{"line":21,"column":2}},"21":{"start":{"line":22,"column":0},"end":{"line":22,"column":0}},"22":{"start":{"line":23,"column":0},"end":{"line":23,"column":26}}},"s":{"0":1,"1":1,"2":1,"3":3,"4":1,"5":1,"6":2,"7":2,"8":2,"9":2,"10":2,"11":2,"12":2,"13":2,"14":2,"15":2,"16":2,"17":2,"18":2,"19":2,"20":2,"21":1,"22":1},"branchMap":{"0":{"type":"branch","line":3,"loc":{"start":{"line":3,"column":19},"end":{"line":21,"column":2}},"locations":[{"start":{"line":3,"column":19},"end":{"line":21,"column":2}}]},"1":{"type":"branch","line":4,"loc":{"start":{"line":4,"column":13},"end":{"line":6,"column":3}},"locations":[{"start":{"line":4,"column":13},"end":{"line":6,"column":3}}]},"2":{"type":"branch","line":6,"loc":{"start":{"line":6,"column":2},"end":{"line":21,"column":2}},"locations":[{"start":{"line":6,"column":2},"end":{"line":21,"column":2}}]}},"b":{"0":[3],"1":[1],"2":[2]},"fnMap":{"0":{"name":"PostDetail","decl":{"start":{"line":3,"column":19},"end":{"line":21,"column":2}},"loc":{"start":{"line":3,"column":19},"end":{"line":21,"column":2}},"line":3}},"f":{"0":3}}
,"E:\\Jscript\\NExtJS\\blogviewer\\src\\components\\PostList.js": {"path":"E:\\Jscript\\NExtJS\\blogviewer\\src\\components\\PostList.js","all":false,"statementMap":{"0":{"start":{"line":1,"column":0},"end":{"line":1,"column":26}},"1":{"start":{"line":2,"column":0},"end":{"line":2,"column":0}},"2":{"start":{"line":3,"column":0},"end":{"line":3,"column":47}},"3":{"start":{"line":4,"column":0},"end":{"line":4,"column":37}},"4":{"start":{"line":5,"column":0},"end":{"line":5,"column":38}},"5":{"start":{"line":6,"column":0},"end":{"line":6,"column":3}},"6":{"start":{"line":7,"column":0},"end":{"line":7,"column":41}},"7":{"start":{"line":8,"column":0},"end":{"line":8,"column":59}},"8":{"start":{"line":9,"column":0},"end":{"line":9,"column":4}},"9":{"start":{"line":10,"column":0},"end":{"line":10,"column":10}},"10":{"start":{"line":11,"column":0},"end":{"line":11,"column":35}},"11":{"start":{"line":12,"column":0},"end":{"line":12,"column":28}},"12":{"start":{"line":13,"column":0},"end":{"line":13,"column":26}},"13":{"start":{"line":14,"column":0},"end":{"line":14,"column":101}},"14":{"start":{"line":15,"column":0},"end":{"line":15,"column":48}},"15":{"start":{"line":16,"column":0},"end":{"line":16,"column":19}},"16":{"start":{"line":17,"column":0},"end":{"line":17,"column":74}},"17":{"start":{"line":18,"column":0},"end":{"line":18,"column":55}},"18":{"start":{"line":19,"column":0},"end":{"line":19,"column":15}},"19":{"start":{"line":20,"column":0},"end":{"line":20,"column":39}},"20":{"start":{"line":21,"column":0},"end":{"line":21,"column":21}},"21":{"start":{"line":22,"column":0},"end":{"line":22,"column":78}},"22":{"start":{"line":23,"column":0},"end":{"line":23,"column":16}},"23":{"start":{"line":24,"column":0},"end":{"line":24,"column":0}},"24":{"start":{"line":25,"column":0},"end":{"line":25,"column":79}},"25":{"start":{"line":26,"column":0},"end":{"line":26,"column":87}},"26":{"start":{"line":27,"column":0},"end":{"line":27,"column":76}},"27":{"start":{"line":28,"column":0},"end":{"line":28,"column":16}},"28":{"start":{"line":29,"column":0},"end":{"line":29,"column":55}},"29":{"start":{"line":30,"column":0},"end":{"line":30,"column":74}},"30":{"start":{"line":31,"column":0},"end":{"line":31,"column":21}},"31":{"start":{"line":32,"column":0},"end":{"line":32,"column":16}},"32":{"start":{"line":33,"column":0},"end":{"line":33,"column":13}},"33":{"start":{"line":34,"column":0},"end":{"line":34,"column":9}},"34":{"start":{"line":35,"column":0},"end":{"line":35,"column":9}},"35":{"start":{"line":36,"column":0},"end":{"line":36,"column":4}},"36":{"start":{"line":37,"column":0},"end":{"line":37,"column":2}},"37":{"start":{"line":38,"column":0},"end":{"line":38,"column":0}},"38":{"start":{"line":39,"column":0},"end":{"line":39,"column":24}}},"s":{"0":1,"1":1,"2":1,"3":5,"4":2,"5":2,"6":3,"7":6,"8":3,"9":3,"10":3,"11":3,"12":6,"13":6,"14":6,"15":6,"16":6,"17":6,"18":6,"19":6,"20":6,"21":6,"22":6,"23":6,"24":6,"25":6,"26":6,"27":6,"28":6,"29":6,"30":6,"31":6,"32":6,"33":3,"34":3,"35":3,"36":3,"37":1,"38":1},"branchMap":{"0":{"type":"branch","line":3,"loc":{"start":{"line":3,"column":17},"end":{"line":37,"column":2}},"locations":[{"start":{"line":3,"column":17},"end":{"line":37,"column":2}}]},"1":{"type":"branch","line":4,"loc":{"start":{"line":4,"column":12},"end":{"line":4,"column":34}},"locations":[{"start":{"line":4,"column":12},"end":{"line":4,"column":34}}]},"2":{"type":"branch","line":4,"loc":{"start":{"line":4,"column":36},"end":{"line":6,"column":3}},"locations":[{"start":{"line":4,"column":36},"end":{"line":6,"column":3}}]},"3":{"type":"branch","line":6,"loc":{"start":{"line":6,"column":2},"end":{"line":37,"column":2}},"locations":[{"start":{"line":6,"column":2},"end":{"line":37,"column":2}}]},"4":{"type":"branch","line":7,"loc":{"start":{"line":7,"column":27},"end":{"line":9,"column":3}},"locations":[{"start":{"line":7,"column":27},"end":{"line":9,"column":3}}]},"5":{"type":"branch","line":12,"loc":{"start":{"line":12,"column":17},"end":{"line":33,"column":13}},"locations":[{"start":{"line":12,"column":17},"end":{"line":33,"column":13}}]},"6":{"type":"branch","line":29,"loc":{"start":{"line":29,"column":29},"end":{"line":29,"column":54}},"locations":[{"start":{"line":29,"column":29},"end":{"line":29,"column":54}}]}},"b":{"0":[5],"1":[4],"2":[2],"3":[3],"4":[6],"5":[6],"6":[2]},"fnMap":{"0":{"name":"PostList","decl":{"start":{"line":3,"column":17},"end":{"line":37,"column":2}},"loc":{"start":{"line":3,"column":17},"end":{"line":37,"column":2}},"line":3},"1":{"name":"truncatedContent","decl":{"start":{"line":7,"column":27},"end":{"line":9,"column":3}},"loc":{"start":{"line":7,"column":27},"end":{"line":9,"column":3}},"line":7},"2":{"name":"onClick","decl":{"start":{"line":29,"column":29},"end":{"line":29,"column":54}},"loc":{"start":{"line":29,"column":29},"end":{"line":29,"column":54}},"line":29}},"f":{"0":5,"1":6,"2":2}}
,"E:\\Jscript\\NExtJS\\blogviewer\\src\\pages\\index.js": {"path":"E:\\Jscript\\NExtJS\\blogviewer\\src\\pages\\index.js","all":false,"statementMap":{"0":{"start":{"line":1,"column":0},"end":{"line":1,"column":40}},"1":{"start":{"line":2,"column":0},"end":{"line":2,"column":46}},"2":{"start":{"line":3,"column":0},"end":{"line":3,"column":50}},"3":{"start":{"line":4,"column":0},"end":{"line":4,"column":0}},"4":{"start":{"line":5,"column":0},"end":{"line":5,"column":40}},"5":{"start":{"line":6,"column":0},"end":{"line":6,"column":61}},"6":{"start":{"line":7,"column":0},"end":{"line":7,"column":33}},"7":{"start":{"line":8,"column":0},"end":{"line":8,"column":0}},"8":{"start":{"line":9,"column":0},"end":{"line":9,"column":15}},"9":{"start":{"line":10,"column":0},"end":{"line":10,"column":12}},"10":{"start":{"line":11,"column":0},"end":{"line":11,"column":21}},"11":{"start":{"line":12,"column":0},"end":{"line":12,"column":6}},"12":{"start":{"line":13,"column":0},"end":{"line":13,"column":3}},"13":{"start":{"line":14,"column":0},"end":{"line":14,"column":0}},"14":{"start":{"line":15,"column":0},"end":{"line":15,"column":10}},"15":{"start":{"line":16,"column":0},"end":{"line":16,"column":12}},"16":{"start":{"line":17,"column":0},"end":{"line":17,"column":12}},"17":{"start":{"line":18,"column":0},"end":{"line":18,"column":6}},"18":{"start":{"line":19,"column":0},"end":{"line":19,"column":19}},"19":{"start":{"line":20,"column":0},"end":{"line":20,"column":4}},"20":{"start":{"line":21,"column":0},"end":{"line":21,"column":1}},"21":{"start":{"line":22,"column":0},"end":{"line":22,"column":0}},"22":{"start":{"line":23,"column":0},"end":{"line":23,"column":34}},"23":{"start":{"line":24,"column":0},"end":{"line":24,"column":57}},"24":{"start":{"line":25,"column":0},"end":{"line":25,"column":0}},"25":{"start":{"line":26,"column":0},"end":{"line":26,"column":38}},"26":{"start":{"line":27,"column":0},"end":{"line":27,"column":26}},"27":{"start":{"line":28,"column":0},"end":{"line":28,"column":4}},"28":{"start":{"line":29,"column":0},"end":{"line":29,"column":0}},"29":{"start":{"line":30,"column":0},"end":{"line":30,"column":28}},"30":{"start":{"line":31,"column":0},"end":{"line":31,"column":26}},"31":{"start":{"line":32,"column":0},"end":{"line":32,"column":4}},"32":{"start":{"line":33,"column":0},"end":{"line":33,"column":0}},"33":{"start":{"line":34,"column":0},"end":{"line":34,"column":10}},"34":{"start":{"line":35,"column":0},"end":{"line":35,"column":67}},"35":{"start":{"line":36,"column":0},"end":{"line":36,"column":49}},"36":{"start":{"line":37,"column":0},"end":{"line":37,"column":52}},"37":{"start":{"line":38,"column":0},"end":{"line":38,"column":81}},"38":{"start":{"line":39,"column":0},"end":{"line":39,"column":22}},"39":{"start":{"line":40,"column":0},"end":{"line":40,"column":15}},"40":{"start":{"line":41,"column":0},"end":{"line":41,"column":27}},"41":{"start":{"line":42,"column":0},"end":{"line":42,"column":66}},"42":{"start":{"line":43,"column":0},"end":{"line":43,"column":15}},"43":{"start":{"line":44,"column":0},"end":{"line":44,"column":70}},"44":{"start":{"line":45,"column":0},"end":{"line":45,"column":12}},"45":{"start":{"line":46,"column":0},"end":{"line":46,"column":14}},"46":{"start":{"line":47,"column":0},"end":{"line":47,"column":12}},"47":{"start":{"line":48,"column":0},"end":{"line":48,"column":10}},"48":{"start":{"line":49,"column":0},"end":{"line":49,"column":4}},"49":{"start":{"line":50,"column":0},"end":{"line":50,"column":2}},"50":{"start":{"line":51,"column":0},"end":{"line":51,"column":0}},"51":{"start":{"line":52,"column":0},"end":{"line":52,"column":25}}},"s":{"0":1,"1":3,"2":3,"3":3,"4":3,"5":3,"6":2,"7":2,"8":2,"9":1,"10":1,"11":1,"12":1,"13":1,"14":1,"15":1,"16":1,"17":1,"18":1,"19":1,"20":1,"21":1,"22":1,"23":6,"24":6,"25":6,"26":2,"27":6,"28":6,"29":6,"30":1,"31":6,"32":6,"33":6,"34":6,"35":6,"36":6,"37":6,"38":6,"39":6,"40":6,"41":2,"42":4,"43":4,"44":6,"45":6,"46":6,"47":6,"48":6,"49":6,"50":1,"51":1},"branchMap":{"0":{"type":"branch","line":2,"loc":{"start":{"line":2,"column":0},"end":{"line":2,"column":46}},"locations":[{"start":{"line":2,"column":0},"end":{"line":2,"column":46}}]},"1":{"type":"branch","line":2,"loc":{"start":{"line":2,"column":0},"end":{"line":2,"column":46}},"locations":[{"start":{"line":2,"column":0},"end":{"line":2,"column":46}}]},"2":{"type":"branch","line":2,"loc":{"start":{"line":2,"column":0},"end":{"line":2,"column":46}},"locations":[{"start":{"line":2,"column":0},"end":{"line":2,"column":46}}]},"3":{"type":"branch","line":2,"loc":{"start":{"line":2,"column":0},"end":{"line":2,"column":46}},"locations":[{"start":{"line":2,"column":0},"end":{"line":2,"column":46}}]},"4":{"type":"branch","line":2,"loc":{"start":{"line":2,"column":0},"end":{"line":2,"column":46}},"locations":[{"start":{"line":2,"column":0},"end":{"line":2,"column":46}}]},"5":{"type":"branch","line":2,"loc":{"start":{"line":2,"column":0},"end":{"line":2,"column":46}},"locations":[{"start":{"line":2,"column":0},"end":{"line":2,"column":46}}]},"6":{"type":"branch","line":2,"loc":{"start":{"line":2,"column":0},"end":{"line":2,"column":46}},"locations":[{"start":{"line":2,"column":0},"end":{"line":2,"column":46}}]},"7":{"type":"branch","line":2,"loc":{"start":{"line":2,"column":0},"end":{"line":2,"column":46}},"locations":[{"start":{"line":2,"column":0},"end":{"line":2,"column":46}}]},"8":{"type":"branch","line":2,"loc":{"start":{"line":2,"column":0},"end":{"line":2,"column":46}},"locations":[{"start":{"line":2,"column":0},"end":{"line":2,"column":46}}]},"9":{"type":"branch","line":2,"loc":{"start":{"line":2,"column":0},"end":{"line":2,"column":46}},"locations":[{"start":{"line":2,"column":0},"end":{"line":2,"column":46}}]},"10":{"type":"branch","line":2,"loc":{"start":{"line":2,"column":0},"end":{"line":2,"column":46}},"locations":[{"start":{"line":2,"column":0},"end":{"line":2,"column":46}}]},"11":{"type":"branch","line":2,"loc":{"start":{"line":2,"column":0},"end":{"line":2,"column":46}},"locations":[{"start":{"line":2,"column":0},"end":{"line":2,"column":46}}]},"12":{"type":"branch","line":2,"loc":{"start":{"line":2,"column":0},"end":{"line":2,"column":46}},"locations":[{"start":{"line":2,"column":0},"end":{"line":2,"column":46}}]},"13":{"type":"branch","line":2,"loc":{"start":{"line":2,"column":0},"end":{"line":2,"column":46}},"locations":[{"start":{"line":2,"column":0},"end":{"line":2,"column":46}}]},"14":{"type":"branch","line":2,"loc":{"start":{"line":2,"column":0},"end":{"line":2,"column":46}},"locations":[{"start":{"line":2,"column":0},"end":{"line":2,"column":46}}]},"15":{"type":"branch","line":2,"loc":{"start":{"line":2,"column":0},"end":{"line":2,"column":46}},"locations":[{"start":{"line":2,"column":0},"end":{"line":2,"column":46}}]},"16":{"type":"branch","line":2,"loc":{"start":{"line":2,"column":0},"end":{"line":2,"column":46}},"locations":[{"start":{"line":2,"column":0},"end":{"line":2,"column":46}}]},"17":{"type":"branch","line":2,"loc":{"start":{"line":2,"column":0},"end":{"line":2,"column":46}},"locations":[{"start":{"line":2,"column":0},"end":{"line":2,"column":46}}]},"18":{"type":"branch","line":2,"loc":{"start":{"line":2,"column":0},"end":{"line":2,"column":46}},"locations":[{"start":{"line":2,"column":0},"end":{"line":2,"column":46}}]},"19":{"type":"branch","line":2,"loc":{"start":{"line":2,"column":0},"end":{"line":2,"column":46}},"locations":[{"start":{"line":2,"column":0},"end":{"line":2,"column":46}}]},"20":{"type":"branch","line":2,"loc":{"start":{"line":2,"column":0},"end":{"line":2,"column":46}},"locations":[{"start":{"line":2,"column":0},"end":{"line":2,"column":46}}]},"21":{"type":"branch","line":2,"loc":{"start":{"line":2,"column":0},"end":{"line":2,"column":46}},"locations":[{"start":{"line":2,"column":0},"end":{"line":2,"column":46}}]},"22":{"type":"branch","line":2,"loc":{"start":{"line":2,"column":0},"end":{"line":2,"column":46}},"locations":[{"start":{"line":2,"column":0},"end":{"line":2,"column":46}}]},"23":{"type":"branch","line":2,"loc":{"start":{"line":2,"column":0},"end":{"line":5,"column":40}},"locations":[{"start":{"line":2,"column":0},"end":{"line":5,"column":40}}]},"24":{"type":"branch","line":5,"loc":{"start":{"line":5,"column":36},"end":{"line":21,"column":1}},"locations":[{"start":{"line":5,"column":36},"end":{"line":21,"column":1}}]},"25":{"type":"branch","line":5,"loc":{"start":{"line":5,"column":7},"end":{"line":20,"column":4}},"locations":[{"start":{"line":5,"column":7},"end":{"line":20,"column":4}}]},"26":{"type":"branch","line":5,"loc":{"start":{"line":5,"column":7},"end":{"line":20,"column":4}},"locations":[{"start":{"line":5,"column":7},"end":{"line":20,"column":4}}]},"27":{"type":"branch","line":5,"loc":{"start":{"line":5,"column":7},"end":{"line":20,"column":4}},"locations":[{"start":{"line":5,"column":7},"end":{"line":20,"column":4}}]},"28":{"type":"branch","line":5,"loc":{"start":{"line":5,"column":7},"end":{"line":6,"column":61}},"locations":[{"start":{"line":5,"column":7},"end":{"line":6,"column":61}}]},"29":{"type":"branch","line":6,"loc":{"start":{"line":6,"column":60},"end":{"line":7,"column":33}},"locations":[{"start":{"line":6,"column":60},"end":{"line":7,"column":33}}]},"30":{"type":"branch","line":7,"loc":{"start":{"line":7,"column":32},"end":{"line":12,"column":6}},"locations":[{"start":{"line":7,"column":32},"end":{"line":12,"column":6}}]},"31":{"type":"branch","line":9,"loc":{"start":{"line":9,"column":12},"end":{"line":12,"column":6}},"locations":[{"start":{"line":9,"column":12},"end":{"line":12,"column":6}}]},"32":{"type":"branch","line":12,"loc":{"start":{"line":12,"column":5},"end":{"line":20,"column":4}},"locations":[{"start":{"line":12,"column":5},"end":{"line":20,"column":4}}]},"33":{"type":"branch","line":23,"loc":{"start":{"line":23,"column":18},"end":{"line":50,"column":2}},"locations":[{"start":{"line":23,"column":18},"end":{"line":50,"column":2}}]},"34":{"type":"branch","line":41,"loc":{"start":{"line":41,"column":23},"end":{"line":42,"column":66}},"locations":[{"start":{"line":41,"column":23},"end":{"line":42,"column":66}}]},"35":{"type":"branch","line":43,"loc":{"start":{"line":43,"column":-2},"end":{"line":44,"column":70}},"locations":[{"start":{"line":43,"column":-2},"end":{"line":44,"column":70}}]},"36":{"type":"branch","line":26,"loc":{"start":{"line":26,"column":27},"end":{"line":28,"column":3}},"locations":[{"start":{"line":26,"column":27},"end":{"line":28,"column":3}}]},"37":{"type":"branch","line":30,"loc":{"start":{"line":30,"column":21},"end":{"line":32,"column":3}},"locations":[{"start":{"line":30,"column":21},"end":{"line":32,"column":3}}]}},"b":{"0":[1],"1":[0],"2":[13],"3":[12],"4":[0],"5":[1],"6":[3],"7":[8],"8":[6],"9":[0],"10":[0],"11":[0],"12":[6],"13":[8],"14":[1],"15":[7],"16":[2],"17":[5],"18":[1],"19":[3],"20":[3],"21":[7],"22":[1],"23":[3],"24":[1],"25":[3],"26":[7],"27":[8],"28":[3],"29":[2],"30":[2],"31":[1],"32":[1],"33":[6],"34":[2],"35":[4],"36":[2],"37":[1]},"fnMap":{"0":{"name":"_regeneratorDefine2","decl":{"start":{"line":2,"column":0},"end":{"line":2,"column":46}},"loc":{"start":{"line":2,"column":0},"end":{"line":2,"column":46}},"line":2},"1":{"name":"_regeneratorDefine","decl":{"start":{"line":2,"column":0},"end":{"line":2,"column":46}},"loc":{"start":{"line":2,"column":0},"end":{"line":2,"column":46}},"line":2},"2":{"name":"o","decl":{"start":{"line":2,"column":0},"end":{"line":2,"column":46}},"loc":{"start":{"line":2,"column":0},"end":{"line":2,"column":46}},"line":2},"3":{"name":"_slicedToArray","decl":{"start":{"line":2,"column":0},"end":{"line":2,"column":46}},"loc":{"start":{"line":2,"column":0},"end":{"line":2,"column":46}},"line":2},"4":{"name":"_nonIterableRest","decl":{"start":{"line":2,"column":0},"end":{"line":2,"column":46}},"loc":{"start":{"line":2,"column":0},"end":{"line":2,"column":46}},"line":2},"5":{"name":"_unsupportedIterableToArray","decl":{"start":{"line":2,"column":0},"end":{"line":2,"column":46}},"loc":{"start":{"line":2,"column":0},"end":{"line":2,"column":46}},"line":2},"6":{"name":"_arrayLikeToArray","decl":{"start":{"line":2,"column":0},"end":{"line":2,"column":46}},"loc":{"start":{"line":2,"column":0},"end":{"line":2,"column":46}},"line":2},"7":{"name":"_iterableToArrayLimit","decl":{"start":{"line":2,"column":0},"end":{"line":2,"column":46}},"loc":{"start":{"line":2,"column":0},"end":{"line":2,"column":46}},"line":2},"8":{"name":"_arrayWithHoles","decl":{"start":{"line":2,"column":0},"end":{"line":2,"column":46}},"loc":{"start":{"line":2,"column":0},"end":{"line":2,"column":46}},"line":2},"9":{"name":"asyncGeneratorStep","decl":{"start":{"line":2,"column":0},"end":{"line":2,"column":46}},"loc":{"start":{"line":2,"column":0},"end":{"line":2,"column":46}},"line":2},"10":{"name":"_asyncToGenerator","decl":{"start":{"line":2,"column":0},"end":{"line":2,"column":46}},"loc":{"start":{"line":2,"column":0},"end":{"line":2,"column":46}},"line":2},"11":{"name":"_next","decl":{"start":{"line":2,"column":0},"end":{"line":2,"column":46}},"loc":{"start":{"line":2,"column":0},"end":{"line":2,"column":46}},"line":2},"12":{"name":"_throw","decl":{"start":{"line":2,"column":0},"end":{"line":2,"column":46}},"loc":{"start":{"line":2,"column":0},"end":{"line":2,"column":46}},"line":2},"13":{"name":"getStaticProps","decl":{"start":{"line":2,"column":0},"end":{"line":5,"column":40}},"loc":{"start":{"line":2,"column":0},"end":{"line":5,"column":40}},"line":2},"14":{"name":"_getStaticProps","decl":{"start":{"line":5,"column":36},"end":{"line":21,"column":1}},"loc":{"start":{"line":5,"column":36},"end":{"line":21,"column":1}},"line":5},"15":{"name":"_callee","decl":{"start":{"line":5,"column":7},"end":{"line":20,"column":4}},"loc":{"start":{"line":5,"column":7},"end":{"line":20,"column":4}},"line":5},"16":{"name":"PostsPage","decl":{"start":{"line":23,"column":18},"end":{"line":50,"column":2}},"loc":{"start":{"line":23,"column":18},"end":{"line":50,"column":2}},"line":23},"17":{"name":"handlePostSelect","decl":{"start":{"line":26,"column":27},"end":{"line":28,"column":3}},"loc":{"start":{"line":26,"column":27},"end":{"line":28,"column":3}},"line":26},"18":{"name":"handleBack","decl":{"start":{"line":30,"column":21},"end":{"line":32,"column":3}},"loc":{"start":{"line":30,"column":21},"end":{"line":32,"column":3}},"line":30}},"f":{"0":1,"1":13,"2":3,"3":6,"4":0,"5":0,"6":0,"7":0,"8":6,"9":8,"10":1,"11":7,"12":1,"13":3,"14":1,"15":3,"16":6,"17":2,"18":1}}
}
