TN:
SF:src\components\PostDetail.js
FN:3,PostDetail
FNF:1
FNH:1
FNDA:3,PostDetail
DA:1,1
DA:2,1
DA:3,1
DA:4,3
DA:5,1
DA:6,1
DA:7,2
DA:8,2
DA:9,2
DA:10,2
DA:11,2
DA:12,2
DA:13,2
DA:14,2
DA:15,2
DA:16,2
DA:17,2
DA:18,2
DA:19,2
DA:20,2
DA:21,2
DA:22,1
DA:23,1
LF:23
LH:23
BRDA:3,0,0,3
BRDA:4,1,0,1
BRDA:6,2,0,2
BRF:3
BRH:3
end_of_record
TN:
SF:src\components\PostList.js
FN:3,PostList
FN:7,truncatedContent
FN:29,onClick
FNF:3
FNH:3
FNDA:5,PostList
FNDA:6,truncatedContent
FNDA:2,onClick
DA:1,1
DA:2,1
DA:3,1
DA:4,5
DA:5,2
DA:6,2
DA:7,3
DA:8,6
DA:9,3
DA:10,3
DA:11,3
DA:12,3
DA:13,6
DA:14,6
DA:15,6
DA:16,6
DA:17,6
DA:18,6
DA:19,6
DA:20,6
DA:21,6
DA:22,6
DA:23,6
DA:24,6
DA:25,6
DA:26,6
DA:27,6
DA:28,6
DA:29,6
DA:30,6
DA:31,6
DA:32,6
DA:33,6
DA:34,3
DA:35,3
DA:36,3
DA:37,3
DA:38,1
DA:39,1
LF:39
LH:39
BRDA:3,0,0,5
BRDA:4,1,0,4
BRDA:4,2,0,2
BRDA:6,3,0,3
BRDA:7,4,0,6
BRDA:12,5,0,6
BRDA:29,6,0,2
BRF:7
BRH:7
end_of_record
TN:
SF:src\pages\index.js
FN:2,_regeneratorDefine2
FN:2,_regeneratorDefine
FN:2,o
FN:2,_slicedToArray
FN:2,_nonIterableRest
FN:2,_unsupportedIterableToArray
FN:2,_arrayLikeToArray
FN:2,_iterableToArrayLimit
FN:2,_arrayWithHoles
FN:2,asyncGeneratorStep
FN:2,_asyncToGenerator
FN:2,_next
FN:2,_throw
FN:2,getStaticProps
FN:5,_getStaticProps
FN:5,_callee
FN:23,PostsPage
FN:26,handlePostSelect
FN:30,handleBack
FNF:19
FNH:15
FNDA:1,_regeneratorDefine2
FNDA:13,_regeneratorDefine
FNDA:3,o
FNDA:6,_slicedToArray
FNDA:0,_nonIterableRest
FNDA:0,_unsupportedIterableToArray
FNDA:0,_arrayLikeToArray
FNDA:0,_iterableToArrayLimit
FNDA:6,_arrayWithHoles
FNDA:8,asyncGeneratorStep
FNDA:1,_asyncToGenerator
FNDA:7,_next
FNDA:1,_throw
FNDA:3,getStaticProps
FNDA:1,_getStaticProps
FNDA:3,_callee
FNDA:6,PostsPage
FNDA:2,handlePostSelect
FNDA:1,handleBack
DA:1,1
DA:2,3
DA:3,3
DA:4,3
DA:5,3
DA:6,3
DA:7,2
DA:8,2
DA:9,2
DA:10,1
DA:11,1
DA:12,1
DA:13,1
DA:14,1
DA:15,1
DA:16,1
DA:17,1
DA:18,1
DA:19,1
DA:20,1
DA:21,1
DA:22,1
DA:23,1
DA:24,6
DA:25,6
DA:26,6
DA:27,2
DA:28,6
DA:29,6
DA:30,6
DA:31,1
DA:32,6
DA:33,6
DA:34,6
DA:35,6
DA:36,6
DA:37,6
DA:38,6
DA:39,6
DA:40,6
DA:41,6
DA:42,2
DA:43,4
DA:44,4
DA:45,6
DA:46,6
DA:47,6
DA:48,6
DA:49,6
DA:50,6
DA:51,1
DA:52,1
LF:52
LH:52
BRDA:2,0,0,1
BRDA:2,1,0,0
BRDA:2,2,0,13
BRDA:2,3,0,12
BRDA:2,4,0,0
BRDA:2,5,0,1
BRDA:2,6,0,3
BRDA:2,7,0,8
BRDA:2,8,0,6
BRDA:2,9,0,0
BRDA:2,10,0,0
BRDA:2,11,0,0
BRDA:2,12,0,6
BRDA:2,13,0,8
BRDA:2,14,0,1
BRDA:2,15,0,7
BRDA:2,16,0,2
BRDA:2,17,0,5
BRDA:2,18,0,1
BRDA:2,19,0,3
BRDA:2,20,0,3
BRDA:2,21,0,7
BRDA:2,22,0,1
BRDA:2,23,0,3
BRDA:5,24,0,1
BRDA:5,25,0,3
BRDA:5,26,0,7
BRDA:5,27,0,8
BRDA:5,28,0,3
BRDA:6,29,0,2
BRDA:7,30,0,2
BRDA:9,31,0,1
BRDA:12,32,0,1
BRDA:23,33,0,6
BRDA:41,34,0,2
BRDA:43,35,0,4
BRDA:26,36,0,2
BRDA:30,37,0,1
BRF:38
BRH:33
end_of_record
